[2017-10-25 04:14:33] lumen.ERROR: Symfony\Component\Debug\Exception\FatalThrowableError: Call to a member function getClientOriginalExtension() on null in /var/www/html/nutriservices/app/Http/Controllers/Configuraciones.php:81
Stack trace:
#0 [internal function]: App\Http\Controllers\Configuraciones->insertConfig(Object(Illuminate\Http\Request))
#1 /var/www/html/nutriservices/vendor/illuminate/container/BoundMethod.php(29): call_user_func_array(Array, Array)
#2 /var/www/html/nutriservices/vendor/illuminate/container/BoundMethod.php(87): Illuminate\Container\BoundMethod::Illuminate\Container\{closure}()
#3 /var/www/html/nutriservices/vendor/illuminate/container/BoundMethod.php(31): Illuminate\Container\BoundMethod::callBoundMethod(Object(Laravel\Lumen\Application), Array, Object(Closure))
#4 /var/www/html/nutriservices/vendor/illuminate/container/Container.php(549): Illuminate\Container\BoundMethod::call(Object(Laravel\Lumen\Application), Array, Array, NULL)
#5 /var/www/html/nutriservices/vendor/laravel/lumen-framework/src/Concerns/RoutesRequests.php(373): Illuminate\Container\Container->call(Array, Array)
#6 /var/www/html/nutriservices/vendor/laravel/lumen-framework/src/Concerns/RoutesRequests.php(339): Laravel\Lumen\Application->callControllerCallable(Array, Array)
#7 /var/www/html/nutriservices/vendor/laravel/lumen-framework/src/Concerns/RoutesRequests.php(313): Laravel\Lumen\Application->callLumenController(Object(App\Http\Controllers\Configuraciones), 'insertConfig', Array)
#8 /var/www/html/nutriservices/vendor/laravel/lumen-framework/src/Concerns/RoutesRequests.php(275): Laravel\Lumen\Application->callControllerAction(Array)
#9 /var/www/html/nutriservices/vendor/laravel/lumen-framework/src/Concerns/RoutesRequests.php(260): Laravel\Lumen\Application->callActionOnArrayBasedRoute(Array)
#10 /var/www/html/nutriservices/vendor/laravel/lumen-framework/src/Concerns/RoutesRequests.php(160): Laravel\Lumen\Application->handleFoundRoute(Array)
#11 /var/www/html/nutriservices/vendor/laravel/lumen-framework/src/Concerns/RoutesRequests.php(413): Laravel\Lumen\Application->Laravel\Lumen\Concerns\{closure}()
#12 /var/www/html/nutriservices/vendor/laravel/lumen-framework/src/Concerns/RoutesRequests.php(166): Laravel\Lumen\Application->sendThroughPipeline(Array, Object(Closure))
#13 /var/www/html/nutriservices/vendor/laravel/lumen-framework/src/Concerns/RoutesRequests.php(107): Laravel\Lumen\Application->dispatch(NULL)
#14 /var/www/html/nutriservices/public/index.php(28): Laravel\Lumen\Application->run()
#15 {main}  
[2017-10-25 04:15:09] lumen.ERROR: ErrorException: Undefined variable: fileName in /var/www/html/nutriservices/app/Http/Controllers/Configuraciones.php:82
Stack trace:
#0 /var/www/html/nutriservices/app/Http/Controllers/Configuraciones.php(82): Laravel\Lumen\Application->Laravel\Lumen\Concerns\{closure}(8, 'Undefined varia...', '/var/www/html/n...', 82, Array)
#1 [internal function]: App\Http\Controllers\Configuraciones->insertConfig(Object(Illuminate\Http\Request))
#2 /var/www/html/nutriservices/vendor/illuminate/container/BoundMethod.php(29): call_user_func_array(Array, Array)
#3 /var/www/html/nutriservices/vendor/illuminate/container/BoundMethod.php(87): Illuminate\Container\BoundMethod::Illuminate\Container\{closure}()
#4 /var/www/html/nutriservices/vendor/illuminate/container/BoundMethod.php(31): Illuminate\Container\BoundMethod::callBoundMethod(Object(Laravel\Lumen\Application), Array, Object(Closure))
#5 /var/www/html/nutriservices/vendor/illuminate/container/Container.php(549): Illuminate\Container\BoundMethod::call(Object(Laravel\Lumen\Application), Array, Array, NULL)
#6 /var/www/html/nutriservices/vendor/laravel/lumen-framework/src/Concerns/RoutesRequests.php(373): Illuminate\Container\Container->call(Array, Array)
#7 /var/www/html/nutriservices/vendor/laravel/lumen-framework/src/Concerns/RoutesRequests.php(339): Laravel\Lumen\Application->callControllerCallable(Array, Array)
#8 /var/www/html/nutriservices/vendor/laravel/lumen-framework/src/Concerns/RoutesRequests.php(313): Laravel\Lumen\Application->callLumenController(Object(App\Http\Controllers\Configuraciones), 'insertConfig', Array)
#9 /var/www/html/nutriservices/vendor/laravel/lumen-framework/src/Concerns/RoutesRequests.php(275): Laravel\Lumen\Application->callControllerAction(Array)
#10 /var/www/html/nutriservices/vendor/laravel/lumen-framework/src/Concerns/RoutesRequests.php(260): Laravel\Lumen\Application->callActionOnArrayBasedRoute(Array)
#11 /var/www/html/nutriservices/vendor/laravel/lumen-framework/src/Concerns/RoutesRequests.php(160): Laravel\Lumen\Application->handleFoundRoute(Array)
#12 /var/www/html/nutriservices/vendor/laravel/lumen-framework/src/Concerns/RoutesRequests.php(413): Laravel\Lumen\Application->Laravel\Lumen\Concerns\{closure}()
#13 /var/www/html/nutriservices/vendor/laravel/lumen-framework/src/Concerns/RoutesRequests.php(166): Laravel\Lumen\Application->sendThroughPipeline(Array, Object(Closure))
#14 /var/www/html/nutriservices/vendor/laravel/lumen-framework/src/Concerns/RoutesRequests.php(107): Laravel\Lumen\Application->dispatch(NULL)
#15 /var/www/html/nutriservices/public/index.php(28): Laravel\Lumen\Application->run()
#16 {main}  
[2017-10-25 04:16:01] lumen.ERROR: ErrorException: Undefined variable: fileName in /var/www/html/nutriservices/app/Http/Controllers/Configuraciones.php:82
Stack trace:
#0 /var/www/html/nutriservices/app/Http/Controllers/Configuraciones.php(82): Laravel\Lumen\Application->Laravel\Lumen\Concerns\{closure}(8, 'Undefined varia...', '/var/www/html/n...', 82, Array)
#1 [internal function]: App\Http\Controllers\Configuraciones->insertConfig(Object(Illuminate\Http\Request))
#2 /var/www/html/nutriservices/vendor/illuminate/container/BoundMethod.php(29): call_user_func_array(Array, Array)
#3 /var/www/html/nutriservices/vendor/illuminate/container/BoundMethod.php(87): Illuminate\Container\BoundMethod::Illuminate\Container\{closure}()
#4 /var/www/html/nutriservices/vendor/illuminate/container/BoundMethod.php(31): Illuminate\Container\BoundMethod::callBoundMethod(Object(Laravel\Lumen\Application), Array, Object(Closure))
#5 /var/www/html/nutriservices/vendor/illuminate/container/Container.php(549): Illuminate\Container\BoundMethod::call(Object(Laravel\Lumen\Application), Array, Array, NULL)
#6 /var/www/html/nutriservices/vendor/laravel/lumen-framework/src/Concerns/RoutesRequests.php(373): Illuminate\Container\Container->call(Array, Array)
#7 /var/www/html/nutriservices/vendor/laravel/lumen-framework/src/Concerns/RoutesRequests.php(339): Laravel\Lumen\Application->callControllerCallable(Array, Array)
#8 /var/www/html/nutriservices/vendor/laravel/lumen-framework/src/Concerns/RoutesRequests.php(313): Laravel\Lumen\Application->callLumenController(Object(App\Http\Controllers\Configuraciones), 'insertConfig', Array)
#9 /var/www/html/nutriservices/vendor/laravel/lumen-framework/src/Concerns/RoutesRequests.php(275): Laravel\Lumen\Application->callControllerAction(Array)
#10 /var/www/html/nutriservices/vendor/laravel/lumen-framework/src/Concerns/RoutesRequests.php(260): Laravel\Lumen\Application->callActionOnArrayBasedRoute(Array)
#11 /var/www/html/nutriservices/vendor/laravel/lumen-framework/src/Concerns/RoutesRequests.php(160): Laravel\Lumen\Application->handleFoundRoute(Array)
#12 /var/www/html/nutriservices/vendor/laravel/lumen-framework/src/Concerns/RoutesRequests.php(413): Laravel\Lumen\Application->Laravel\Lumen\Concerns\{closure}()
#13 /var/www/html/nutriservices/vendor/laravel/lumen-framework/src/Concerns/RoutesRequests.php(166): Laravel\Lumen\Application->sendThroughPipeline(Array, Object(Closure))
#14 /var/www/html/nutriservices/vendor/laravel/lumen-framework/src/Concerns/RoutesRequests.php(107): Laravel\Lumen\Application->dispatch(NULL)
#15 /var/www/html/nutriservices/public/index.php(28): Laravel\Lumen\Application->run()
#16 {main}  
[2017-10-25 05:10:41] lumen.ERROR: Symfony\Component\Debug\Exception\FatalThrowableError: Call to undefined method Laravel\Lumen\Http\ResponseFactory::file() in /var/www/html/nutriservices/app/Http/Controllers/Configuraciones.php:104
Stack trace:
#0 [internal function]: App\Http\Controllers\Configuraciones->getConfig()
#1 /var/www/html/nutriservices/vendor/illuminate/container/BoundMethod.php(29): call_user_func_array(Array, Array)
#2 /var/www/html/nutriservices/vendor/illuminate/container/BoundMethod.php(87): Illuminate\Container\BoundMethod::Illuminate\Container\{closure}()
#3 /var/www/html/nutriservices/vendor/illuminate/container/BoundMethod.php(31): Illuminate\Container\BoundMethod::callBoundMethod(Object(Laravel\Lumen\Application), Array, Object(Closure))
#4 /var/www/html/nutriservices/vendor/illuminate/container/Container.php(549): Illuminate\Container\BoundMethod::call(Object(Laravel\Lumen\Application), Array, Array, NULL)
#5 /var/www/html/nutriservices/vendor/laravel/lumen-framework/src/Concerns/RoutesRequests.php(373): Illuminate\Container\Container->call(Array, Array)
#6 /var/www/html/nutriservices/vendor/laravel/lumen-framework/src/Concerns/RoutesRequests.php(339): Laravel\Lumen\Application->callControllerCallable(Array, Array)
#7 /var/www/html/nutriservices/vendor/laravel/lumen-framework/src/Concerns/RoutesRequests.php(313): Laravel\Lumen\Application->callLumenController(Object(App\Http\Controllers\Configuraciones), 'getConfig', Array)
#8 /var/www/html/nutriservices/vendor/laravel/lumen-framework/src/Concerns/RoutesRequests.php(275): Laravel\Lumen\Application->callControllerAction(Array)
#9 /var/www/html/nutriservices/vendor/laravel/lumen-framework/src/Concerns/RoutesRequests.php(260): Laravel\Lumen\Application->callActionOnArrayBasedRoute(Array)
#10 /var/www/html/nutriservices/vendor/laravel/lumen-framework/src/Concerns/RoutesRequests.php(160): Laravel\Lumen\Application->handleFoundRoute(Array)
#11 /var/www/html/nutriservices/vendor/laravel/lumen-framework/src/Concerns/RoutesRequests.php(413): Laravel\Lumen\Application->Laravel\Lumen\Concerns\{closure}()
#12 /var/www/html/nutriservices/vendor/laravel/lumen-framework/src/Concerns/RoutesRequests.php(166): Laravel\Lumen\Application->sendThroughPipeline(Array, Object(Closure))
#13 /var/www/html/nutriservices/vendor/laravel/lumen-framework/src/Concerns/RoutesRequests.php(107): Laravel\Lumen\Application->dispatch(NULL)
#14 /var/www/html/nutriservices/public/index.php(28): Laravel\Lumen\Application->run()
#15 {main}  
[2017-10-25 05:11:04] lumen.ERROR: Symfony\Component\Debug\Exception\FatalThrowableError: Call to undefined method Laravel\Lumen\Http\ResponseFactory::file() in /var/www/html/nutriservices/app/Http/Controllers/Configuraciones.php:104
Stack trace:
#0 [internal function]: App\Http\Controllers\Configuraciones->getConfig()
#1 /var/www/html/nutriservices/vendor/illuminate/container/BoundMethod.php(29): call_user_func_array(Array, Array)
#2 /var/www/html/nutriservices/vendor/illuminate/container/BoundMethod.php(87): Illuminate\Container\BoundMethod::Illuminate\Container\{closure}()
#3 /var/www/html/nutriservices/vendor/illuminate/container/BoundMethod.php(31): Illuminate\Container\BoundMethod::callBoundMethod(Object(Laravel\Lumen\Application), Array, Object(Closure))
#4 /var/www/html/nutriservices/vendor/illuminate/container/Container.php(549): Illuminate\Container\BoundMethod::call(Object(Laravel\Lumen\Application), Array, Array, NULL)
#5 /var/www/html/nutriservices/vendor/laravel/lumen-framework/src/Concerns/RoutesRequests.php(373): Illuminate\Container\Container->call(Array, Array)
#6 /var/www/html/nutriservices/vendor/laravel/lumen-framework/src/Concerns/RoutesRequests.php(339): Laravel\Lumen\Application->callControllerCallable(Array, Array)
#7 /var/www/html/nutriservices/vendor/laravel/lumen-framework/src/Concerns/RoutesRequests.php(313): Laravel\Lumen\Application->callLumenController(Object(App\Http\Controllers\Configuraciones), 'getConfig', Array)
#8 /var/www/html/nutriservices/vendor/laravel/lumen-framework/src/Concerns/RoutesRequests.php(275): Laravel\Lumen\Application->callControllerAction(Array)
#9 /var/www/html/nutriservices/vendor/laravel/lumen-framework/src/Concerns/RoutesRequests.php(260): Laravel\Lumen\Application->callActionOnArrayBasedRoute(Array)
#10 /var/www/html/nutriservices/vendor/laravel/lumen-framework/src/Concerns/RoutesRequests.php(160): Laravel\Lumen\Application->handleFoundRoute(Array)
#11 /var/www/html/nutriservices/vendor/laravel/lumen-framework/src/Concerns/RoutesRequests.php(413): Laravel\Lumen\Application->Laravel\Lumen\Concerns\{closure}()
#12 /var/www/html/nutriservices/vendor/laravel/lumen-framework/src/Concerns/RoutesRequests.php(166): Laravel\Lumen\Application->sendThroughPipeline(Array, Object(Closure))
#13 /var/www/html/nutriservices/vendor/laravel/lumen-framework/src/Concerns/RoutesRequests.php(107): Laravel\Lumen\Application->dispatch(NULL)
#14 /var/www/html/nutriservices/public/index.php(28): Laravel\Lumen\Application->run()
#15 {main}  
[2017-10-25 05:11:25] lumen.ERROR: Symfony\Component\Debug\Exception\FatalThrowableError: Call to undefined method Laravel\Lumen\Http\ResponseFactory::file() in /var/www/html/nutriservices/app/Http/Controllers/Configuraciones.php:104
Stack trace:
#0 [internal function]: App\Http\Controllers\Configuraciones->getConfig()
#1 /var/www/html/nutriservices/vendor/illuminate/container/BoundMethod.php(29): call_user_func_array(Array, Array)
#2 /var/www/html/nutriservices/vendor/illuminate/container/BoundMethod.php(87): Illuminate\Container\BoundMethod::Illuminate\Container\{closure}()
#3 /var/www/html/nutriservices/vendor/illuminate/container/BoundMethod.php(31): Illuminate\Container\BoundMethod::callBoundMethod(Object(Laravel\Lumen\Application), Array, Object(Closure))
#4 /var/www/html/nutriservices/vendor/illuminate/container/Container.php(549): Illuminate\Container\BoundMethod::call(Object(Laravel\Lumen\Application), Array, Array, NULL)
#5 /var/www/html/nutriservices/vendor/laravel/lumen-framework/src/Concerns/RoutesRequests.php(373): Illuminate\Container\Container->call(Array, Array)
#6 /var/www/html/nutriservices/vendor/laravel/lumen-framework/src/Concerns/RoutesRequests.php(339): Laravel\Lumen\Application->callControllerCallable(Array, Array)
#7 /var/www/html/nutriservices/vendor/laravel/lumen-framework/src/Concerns/RoutesRequests.php(313): Laravel\Lumen\Application->callLumenController(Object(App\Http\Controllers\Configuraciones), 'getConfig', Array)
#8 /var/www/html/nutriservices/vendor/laravel/lumen-framework/src/Concerns/RoutesRequests.php(275): Laravel\Lumen\Application->callControllerAction(Array)
#9 /var/www/html/nutriservices/vendor/laravel/lumen-framework/src/Concerns/RoutesRequests.php(260): Laravel\Lumen\Application->callActionOnArrayBasedRoute(Array)
#10 /var/www/html/nutriservices/vendor/laravel/lumen-framework/src/Concerns/RoutesRequests.php(160): Laravel\Lumen\Application->handleFoundRoute(Array)
#11 /var/www/html/nutriservices/vendor/laravel/lumen-framework/src/Concerns/RoutesRequests.php(413): Laravel\Lumen\Application->Laravel\Lumen\Concerns\{closure}()
#12 /var/www/html/nutriservices/vendor/laravel/lumen-framework/src/Concerns/RoutesRequests.php(166): Laravel\Lumen\Application->sendThroughPipeline(Array, Object(Closure))
#13 /var/www/html/nutriservices/vendor/laravel/lumen-framework/src/Concerns/RoutesRequests.php(107): Laravel\Lumen\Application->dispatch(NULL)
#14 /var/www/html/nutriservices/public/index.php(28): Laravel\Lumen\Application->run()
#15 {main}  
[2017-10-25 05:12:12] lumen.ERROR: Symfony\Component\Debug\Exception\FatalThrowableError: Cannot use object of type stdClass as array in /var/www/html/nutriservices/app/Http/Controllers/Configuraciones.php:104
Stack trace:
#0 [internal function]: App\Http\Controllers\Configuraciones->getConfig()
#1 /var/www/html/nutriservices/vendor/illuminate/container/BoundMethod.php(29): call_user_func_array(Array, Array)
#2 /var/www/html/nutriservices/vendor/illuminate/container/BoundMethod.php(87): Illuminate\Container\BoundMethod::Illuminate\Container\{closure}()
#3 /var/www/html/nutriservices/vendor/illuminate/container/BoundMethod.php(31): Illuminate\Container\BoundMethod::callBoundMethod(Object(Laravel\Lumen\Application), Array, Object(Closure))
#4 /var/www/html/nutriservices/vendor/illuminate/container/Container.php(549): Illuminate\Container\BoundMethod::call(Object(Laravel\Lumen\Application), Array, Array, NULL)
#5 /var/www/html/nutriservices/vendor/laravel/lumen-framework/src/Concerns/RoutesRequests.php(373): Illuminate\Container\Container->call(Array, Array)
#6 /var/www/html/nutriservices/vendor/laravel/lumen-framework/src/Concerns/RoutesRequests.php(339): Laravel\Lumen\Application->callControllerCallable(Array, Array)
#7 /var/www/html/nutriservices/vendor/laravel/lumen-framework/src/Concerns/RoutesRequests.php(313): Laravel\Lumen\Application->callLumenController(Object(App\Http\Controllers\Configuraciones), 'getConfig', Array)
#8 /var/www/html/nutriservices/vendor/laravel/lumen-framework/src/Concerns/RoutesRequests.php(275): Laravel\Lumen\Application->callControllerAction(Array)
#9 /var/www/html/nutriservices/vendor/laravel/lumen-framework/src/Concerns/RoutesRequests.php(260): Laravel\Lumen\Application->callActionOnArrayBasedRoute(Array)
#10 /var/www/html/nutriservices/vendor/laravel/lumen-framework/src/Concerns/RoutesRequests.php(160): Laravel\Lumen\Application->handleFoundRoute(Array)
#11 /var/www/html/nutriservices/vendor/laravel/lumen-framework/src/Concerns/RoutesRequests.php(413): Laravel\Lumen\Application->Laravel\Lumen\Concerns\{closure}()
#12 /var/www/html/nutriservices/vendor/laravel/lumen-framework/src/Concerns/RoutesRequests.php(166): Laravel\Lumen\Application->sendThroughPipeline(Array, Object(Closure))
#13 /var/www/html/nutriservices/vendor/laravel/lumen-framework/src/Concerns/RoutesRequests.php(107): Laravel\Lumen\Application->dispatch(NULL)
#14 /var/www/html/nutriservices/public/index.php(28): Laravel\Lumen\Application->run()
#15 {main}  
[2017-10-25 05:13:15] lumen.ERROR: Symfony\Component\Debug\Exception\FatalErrorException: Uncaught ErrorException: Array to string conversion in /var/www/html/nutriservices/app/Http/Controllers/Configuraciones.php:104
Stack trace:
#0 /var/www/html/nutriservices/app/Http/Controllers/Configuraciones.php(104): Laravel\Lumen\Application->Laravel\Lumen\Concerns\{closure}(8, 'Array to string...', '/var/www/html/n...', 104, Array)
#1 [internal function]: App\Http\Controllers\Configuraciones->getConfig()
#2 /var/www/html/nutriservices/vendor/illuminate/container/BoundMethod.php(29): call_user_func_array(Array, Array)
#3 /var/www/html/nutriservices/vendor/illuminate/container/BoundMethod.php(87): Illuminate\Container\BoundMethod::Illuminate\Container\{closure}()
#4 /var/www/html/nutriservices/vendor/illuminate/container/BoundMethod.php(31): Illuminate\Container\BoundMethod::callBoundMethod(Object(Laravel\Lumen\Application), Array, Object(Closure))
#5 /var/www/html/nutriservices/vendor/illuminate/container/Container.php(549): Illuminate\Container\BoundMethod::call(Object(Laravel\Lumen\Application), Array, A in /var/www/html/nutriservices/app/Http/Controllers/Configuraciones.php:104
Stack trace:
#0 /var/www/html/nutriservices/vendor/laravel/lumen-framework/src/Concerns/RegistersExceptionHandlers.php(54): Laravel\Lumen\Application->handleShutdown()
#1 [internal function]: Laravel\Lumen\Application->Laravel\Lumen\Concerns\{closure}()
#2 {main}  
